Downloaded: /home/chrooks/school/cs4100/final/replay-crawler/battle-logs/oumonotype/82345404.json
Downloaded: /home/chrooks/school/cs4100/final/replay-crawler/battle-logs/anythinggoes/218380995.json
Downloaded: /home/chrooks/school/cs4100/final/replay-crawler/battle-logs/uberssuspecttest/147833524.json
Downloaded: /home/chrooks/school/cs4100/final/replay-crawler/battle-logs/doublesou/232753081.json
Downloaded: /home/chrooks/school/cs4100/final/replay-crawler/battle-logs/gen5ou/59402.json
Downloaded: /home/chrooks/school/cs4100/final/replay-crawler/battle-logs/gen3ou/56583.json
Downloaded: /home/chrooks/school/cs4100/final/replay-crawler/battle-logs/ou/55891.json
Downloaded: /home/chrooks/school/cs4100/final/replay-crawler/battle-logs/ubers/54583.json
Downloaded: /home/chrooks/school/cs4100/final/replay-crawler/battle-logs/gen9randombattle/2007639212.json
Downloaded: /home/chrooks/school/cs4100/final/replay-crawler/battle-logs/gen9anythinggoes/2007638843.json
Downloaded: /home/chrooks/school/cs4100/final/replay-crawler/battle-logs/gen9ou/2007639324.json
Downloaded: /home/chrooks/school/cs4100/final/replay-crawler/battle-logs/gen9ou/2007641004.json
Downloaded: /home/chrooks/school/cs4100/final/replay-crawler/battle-logs/gen9randombattleblitz/2007641057.json
Downloaded: /home/chrooks/school/cs4100/final/replay-crawler/battle-logs/gen3zu/2007630025.json
Downloaded: /home/chrooks/school/cs4100/final/replay-crawler/battle-logs/gen9unratedrandombattle/2007640141.json
Downloaded: /home/chrooks/school/cs4100/final/replay-crawler/battle-logs/gen9vgc2023regulationebo3/2007638955.json
Downloaded: /home/chrooks/school/cs4100/final/replay-crawler/battle-logs/gen9vgc2023regulatione/2007639834.json
Downloaded: /home/chrooks/school/cs4100/final/replay-crawler/battle-logs/gen9nationaldex/2007638914.json
Downloaded: /home/chrooks/school/cs4100/final/replay-crawler/battle-logs/gen5ou/2007637738.json
Downloaded: /home/chrooks/school/cs4100/final/replay-crawler/battle-logs/gen9nu/734219.json
Downloaded: /home/chrooks/school/cs4100/final/replay-crawler/battle-logs/gen9ou/2007639826.json
Downloaded: /home/chrooks/school/cs4100/final/replay-crawler/battle-logs/gen9challengecup6v6/2007627863.json
Downloaded: /home/chrooks/school/cs4100/final/replay-crawler/battle-logs/gen9battlestadiumsinglesregulatione/2007640007.json
Downloaded: /home/chrooks/school/cs4100/final/replay-crawler/battle-logs/gen9randombattle/2007636772.json
Downloaded: /home/chrooks/school/cs4100/final/replay-crawler/battle-logs/gen9nationaldex/2007634877.json
Downloaded: /home/chrooks/school/cs4100/final/replay-crawler/battle-logs/gen9anythinggoes/2007637158.json
Downloaded: /home/chrooks/school/cs4100/final/replay-crawler/battle-logs/gen9randombattle/2007637894.json
Downloaded: /home/chrooks/school/cs4100/final/replay-crawler/battle-logs/gen9randombattle/2007635630.json
Downloaded: /home/chrooks/school/cs4100/final/replay-crawler/battle-logs/gen9paldeadexdraft/2007624825.json
Downloaded: /home/chrooks/school/cs4100/final/replay-crawler/battle-logs/gen3ou/2007636513.json
Downloaded: /home/chrooks/school/cs4100/final/replay-crawler/battle-logs/gen9randombattle/2007640106.json
Downloaded: /home/chrooks/school/cs4100/final/replay-crawler/battle-logs/gen9customgame/2007635764.json
Downloaded: /home/chrooks/school/cs4100/final/replay-crawler/battle-logs/gen9vgc2023regulatione/2007638655.json
Downloaded: /home/chrooks/school/cs4100/final/replay-crawler/battle-logs/gen9ou/2007639744.json
Downloaded: /home/chrooks/school/cs4100/final/replay-crawler/battle-logs/gen9freeforallrandombattle/2007624759.json
Downloaded: /home/chrooks/school/cs4100/final/replay-crawler/battle-logs/gen3ou/734218.json
Downloaded: /home/chrooks/school/cs4100/final/replay-crawler/battle-logs/gen9randombattle/2007637500.json
Downloaded: /home/chrooks/school/cs4100/final/replay-crawler/battle-logs/gen9ou/2007632915.json
Downloaded: /home/chrooks/school/cs4100/final/replay-crawler/battle-logs/gen9unratedrandombattle/2007639915.json
Downloaded: /home/chrooks/school/cs4100/final/replay-crawler/battle-logs/gen9tiershift/2007637996.json
Downloaded: /home/chrooks/school/cs4100/final/replay-crawler/battle-logs/gen9randombattle/2007636950.json
Downloaded: /home/chrooks/school/cs4100/final/replay-crawler/battle-logs/gen9paldeadexdraft/2007626597.json
Downloaded: /home/chrooks/school/cs4100/final/replay-crawler/battle-logs/gen5customgame/2007636582.json
Downloaded: /home/chrooks/school/cs4100/final/replay-crawler/battle-logs/gen9vgc2023regulatione/2007637701.json
Downloaded: /home/chrooks/school/cs4100/final/replay-crawler/battle-logs/gen9randombattle/2007636299.json
Downloaded: /home/chrooks/school/cs4100/final/replay-crawler/battle-logs/gen9randombattle/2007636736.json
Downloaded: /home/chrooks/school/cs4100/final/replay-crawler/battle-logs/gen6ou/2007631279.json
Downloaded: /home/chrooks/school/cs4100/final/replay-crawler/battle-logs/gen9ou/2007635000.json
Downloaded: /home/chrooks/school/cs4100/final/replay-crawler/battle-logs/gen9randombattle/2007637151.json
Downloaded: /home/chrooks/school/cs4100/final/replay-crawler/battle-logs/gen1randombattle/2007636763.json
Downloaded: /home/chrooks/school/cs4100/final/replay-crawler/battle-logs/gen7ou/2007636330.json
Downloaded: /home/chrooks/school/cs4100/final/replay-crawler/battle-logs/gen9uu/2007633036.json
Downloaded: /home/chrooks/school/cs4100/final/replay-crawler/battle-logs/gen9randomdoublesbattle/2007637829.json
Downloaded: /home/chrooks/school/cs4100/final/replay-crawler/battle-logs/gen9customgame/2007634044.json
Downloaded: /home/chrooks/school/cs4100/final/replay-crawler/battle-logs/gen6purehackmons/2007633301.json
Downloaded: /home/chrooks/school/cs4100/final/replay-crawler/battle-logs/gen9nationaldexmonotype/2007635434.json
Downloaded: /home/chrooks/school/cs4100/final/replay-crawler/battle-logs/gen9anythinggoes/2007635989.json
Downloaded: /home/chrooks/school/cs4100/final/replay-crawler/battle-logs/gen9vgc2023regulationebo3/2007635351.json
Downloaded: /home/chrooks/school/cs4100-showdown-bot/battle-logs/oumonotype/82345404.json
Downloaded: /home/chrooks/school/cs4100-showdown-bot/battle-logs/anythinggoes/218380995.json
Downloaded: /home/chrooks/school/cs4100-showdown-bot/battle-logs/uberssuspecttest/147833524.json
Downloaded: /home/chrooks/school/cs4100-showdown-bot/battle-logs/doublesou/232753081.json
Downloaded: /home/chrooks/school/cs4100-showdown-bot/battle-logs/gen5ou/59402.json
Downloaded: /home/chrooks/school/cs4100-showdown-bot/battle-logs/gen3ou/56583.json
Downloaded: /home/chrooks/school/cs4100-showdown-bot/battle-logs/ou/55891.json
Downloaded: /home/chrooks/school/cs4100-showdown-bot/battle-logs/ubers/54583.json
Downloaded: /home/chrooks/school/cs4100-showdown-bot/battle-logs/gen9randombattle/2007654194.json
Downloaded: /home/chrooks/school/cs4100-showdown-bot/battle-logs/gen9vgc2023regulatione/2007655533.json
Downloaded: /home/chrooks/school/cs4100-showdown-bot/battle-logs/gen9randombattleblitz/2007657381.json
Downloaded: /home/chrooks/school/cs4100-showdown-bot/battle-logs/gen8monotype/2007655664.json
Downloaded: /home/chrooks/school/cs4100-showdown-bot/battle-logs/gen9nationaldexdoubles/2007654171.json
Downloaded: /home/chrooks/school/cs4100-showdown-bot/battle-logs/gen4doublescustomgame/2007652479.json
Downloaded: /home/chrooks/school/cs4100-showdown-bot/battle-logs/gen9ubersuu/734221.json
Downloaded: /home/chrooks/school/cs4100-showdown-bot/battle-logs/gen9randomdoublesbattle/2007653607.json
Downloaded: /home/chrooks/school/cs4100-showdown-bot/battle-logs/gen9vgc2023regulatione/2007655046.json
Downloaded: /home/chrooks/school/cs4100-showdown-bot/battle-logs/gen1randombattle/2007653794.json
Downloaded: /home/chrooks/school/cs4100-showdown-bot/battle-logs/gen91v1/734222.json
Downloaded: /home/chrooks/school/cs4100-showdown-bot/battle-logs/gen9vgc2023regulatione/2007654281.json
Downloaded: /home/chrooks/school/cs4100-showdown-bot/battle-logs/gen9vgc2023regulatione/2007654221.json
Downloaded: /home/chrooks/school/cs4100-showdown-bot/battle-logs/gen9ou/2007655521.json
Downloaded: /home/chrooks/school/cs4100-showdown-bot/battle-logs/gen9randombattle/2007642378.json
Downloaded: /home/chrooks/school/cs4100-showdown-bot/battle-logs/gen9sketchmons/2007654439.json
Downloaded: /home/chrooks/school/cs4100-showdown-bot/battle-logs/gen9doublesou/2007654511.json
Downloaded: /home/chrooks/school/cs4100-showdown-bot/battle-logs/gen9randombattle/2007649364.json
Downloaded: /home/chrooks/school/cs4100-showdown-bot/battle-logs/gen9nationaldexuu/2007653269.json
Downloaded: /home/chrooks/school/cs4100-showdown-bot/battle-logs/gen9natdexdraft/2007652051.json
Downloaded: /home/chrooks/school/cs4100-showdown-bot/battle-logs/gen9terapreviewnatdexdraft/2007640593.json
Downloaded: /home/chrooks/school/cs4100-showdown-bot/battle-logs/gen9vgc2023regulatione/2007650323.json
Downloaded: /home/chrooks/school/cs4100-showdown-bot/battle-logs/gen9doublesuu/2007653721.json
Downloaded: /home/chrooks/school/cs4100-showdown-bot/battle-logs/gen9randombattle/2007654724.json
Downloaded: /home/chrooks/school/cs4100-showdown-bot/battle-logs/gen9metronomebattle/2007654707.json
Downloaded: /home/chrooks/school/cs4100-showdown-bot/battle-logs/gen9doublesou/2007639210.json
Downloaded: /home/chrooks/school/cs4100-showdown-bot/battle-logs/gen8ou/2007653552.json
Downloaded: /home/chrooks/school/cs4100-showdown-bot/battle-logs/gen9randombattle/2007651936.json
Downloaded: /home/chrooks/school/cs4100-showdown-bot/battle-logs/gen9vgc2023regulatione/2007651196.json
Downloaded: /home/chrooks/school/cs4100-showdown-bot/battle-logs/gen9natdex6v6doublesdraft/2007646363.json
Downloaded: /home/chrooks/school/cs4100-showdown-bot/battle-logs/gen9randombattle/2007653219.json
Downloaded: /home/chrooks/school/cs4100-showdown-bot/battle-logs/gen9randombattle/2007653531.json
Downloaded: /home/chrooks/school/cs4100-showdown-bot/battle-logs/gen9partnersincrimerandombattle/2007654714.json
Downloaded: /home/chrooks/school/cs4100-showdown-bot/battle-logs/gen9randombattle/2007648456.json
Downloaded: /home/chrooks/school/cs4100-showdown-bot/battle-logs/gen4randombattle/2007647329.json
Downloaded: /home/chrooks/school/cs4100-showdown-bot/battle-logs/gen9sketchmons/2007652980.json
Downloaded: /home/chrooks/school/cs4100-showdown-bot/battle-logs/gen9randomdoublesbattle/2007647665.json
Downloaded: /home/chrooks/school/cs4100-showdown-bot/battle-logs/gen9vgc2023regulatione/2007651706.json
Downloaded: /home/chrooks/school/cs4100-showdown-bot/battle-logs/gen9randombattle/2007649126.json
Downloaded: /home/chrooks/school/cs4100-showdown-bot/battle-logs/gen9ou/2007652439.json
Downloaded: /home/chrooks/school/cs4100-showdown-bot/battle-logs/gen9sketchmons/2007652555.json
Downloaded: /home/chrooks/school/cs4100-showdown-bot/battle-logs/gen9ou/2007647951.json
Downloaded: /home/chrooks/school/cs4100-showdown-bot/battle-logs/gen9randombattle/2007647840.json
Downloaded: /home/chrooks/school/cs4100-showdown-bot/battle-logs/gen7anythinggoes/2007651089.json
Downloaded: /home/chrooks/school/cs4100-showdown-bot/battle-logs/gen9nationaldexdoubles/2007650633.json
Downloaded: /home/chrooks/school/cs4100-showdown-bot/battle-logs/gen9doublescustomgame/2007644900.json
Downloaded: /home/chrooks/school/cs4100-showdown-bot/battle-logs/gen9vgc2023regulatione/2007648933.json
Downloaded: /home/chrooks/school/cs4100-showdown-bot/battle-logs/gen9ou/2007646619.json
Downloaded: /home/chrooks/school/cs4100-showdown-bot/battle-logs/gen9randombattle/2007651011.json
Downloaded: /home/chrooks/school/cs4100-showdown-bot/battle-logs/gen6draft/2007637710.json
